<?xml version="1.0" encoding="UTF-8"?>
<testsuite name="HangulCodeTest" tests="1" skipped="0" failures="0" errors="0" timestamp="2022-09-07T08:31:59" hostname="DESKTOP-RK1IB30" time="0.019">
  <properties/>
  <testcase name="singleHangulTest()" classname="HangulCodeTest" time="0.019"/>
  <system-out><![CDATA[]]></system-out>
  <system-err><![CDATA[]]></system-err>
</testsuite>
